{
"/Users/Becky/Desktop/analytics.js-integration-resonate/lib/index.js":{"path":"/Users/Becky/Desktop/analytics.js-integration-resonate/lib/index.js","s":{"1":1,"2":1,"3":1,"4":1,"5":1,"6":1,"7":1,"8":1,"9":1,"10":1,"11":1,"12":1,"13":0},"b":{},"f":{"1":1,"2":1,"3":0},"fnMap":{"1":{"name":"(anonymous_1)","line":30,"loc":{"start":{"line":30,"column":32},"end":{"line":30,"column":43}}},"2":{"name":"(anonymous_2)","line":41,"loc":{"start":{"line":41,"column":27},"end":{"line":41,"column":43}}},"3":{"name":"(anonymous_3)","line":44,"loc":{"start":{"line":44,"column":15},"end":{"line":44,"column":31}}}},"statementMap":{"1":{"start":{"line":7,"column":0},"end":{"line":7,"column":63}},"2":{"start":{"line":8,"column":0},"end":{"line":8,"column":44}},"3":{"start":{"line":9,"column":0},"end":{"line":9,"column":38}},"4":{"start":{"line":10,"column":0},"end":{"line":10,"column":37}},"5":{"start":{"line":11,"column":0},"end":{"line":11,"column":30}},"6":{"start":{"line":17,"column":0},"end":{"line":22,"column":21}},"7":{"start":{"line":30,"column":0},"end":{"line":32,"column":2}},"8":{"start":{"line":31,"column":2},"end":{"line":31,"column":15}},"9":{"start":{"line":41,"column":0},"end":{"line":49,"column":2}},"10":{"start":{"line":42,"column":2},"end":{"line":42,"column":42}},"11":{"start":{"line":43,"column":2},"end":{"line":43,"column":18}},"12":{"start":{"line":44,"column":2},"end":{"line":48,"column":5}},"13":{"start":{"line":45,"column":4},"end":{"line":47,"column":8}}},"branchMap":{},"code":["(function () { 'use strict';","","/**"," * Module dependencies."," */","","var integration = require('@segment/analytics.js-integration');","var defaults = require('@ndhoule/defaults');","var foldl = require('@ndhoule/foldl');","var each = require('component-each');","var get = require('obj-case');","","/**"," * Expose `Resonate`."," */","","var Resonate = module.exports = integration('Resonate')","  .option('advkey')","  .option('opptykey')","  //.option('evtype') assuming all custom for now","  .tag('<img hrc=\"https://ds.reson8.com/insights.gif?t=0&pixt=resonate&advkey={{ advkey }}&opptykey={{ opptykey }}&evkey={{ evkey }}&evtype=custom\" width=1 height=1 border=0>')","  .mapping('events');","","/**"," * Initialize."," *"," * @api public"," */","","Resonate.prototype.initialize = function() {","  this.ready();","};","","/**"," * Track."," *"," * @api public"," * @param {Track} track"," */","","Resonate.prototype.track = function(track) {","  var events = this.events(track.event());","  var self = this;","  each(events, function(evkey) {","    self.load(defaults({","      evkey: evkey","    }));","  });","};","","}());"],"l":{"7":1,"8":1,"9":1,"10":1,"11":1,"17":1,"30":1,"31":1,"41":1,"42":1,"43":1,"44":1,"45":0}}}
